{"D:\\Namaste React\\src\\components\\Body.js": {"path":"D:\\Namaste React\\src\\components\\Body.js","statementMap":{"0":{"start":{"line":8,"column":13},"end":{"line":112,"column":1}},"1":{"start":{"line":9,"column":52},"end":{"line":9,"column":64}},"2":{"start":{"line":10,"column":56},"end":{"line":10,"column":68}},"3":{"start":{"line":11,"column":38},"end":{"line":11,"column":50}},"4":{"start":{"line":13,"column":33},"end":{"line":13,"column":66}},"5":{"start":{"line":15,"column":2},"end":{"line":17,"column":9}},"6":{"start":{"line":16,"column":4},"end":{"line":16,"column":16}},"7":{"start":{"line":19,"column":20},"end":{"line":30,"column":3}},"8":{"start":{"line":20,"column":17},"end":{"line":22,"column":5}},"9":{"start":{"line":23,"column":17},"end":{"line":23,"column":34}},"10":{"start":{"line":26,"column":6},"end":{"line":27,"column":21}},"11":{"start":{"line":28,"column":4},"end":{"line":28,"column":38}},"12":{"start":{"line":29,"column":4},"end":{"line":29,"column":40}},"13":{"start":{"line":32,"column":23},"end":{"line":32,"column":40}},"14":{"start":{"line":34,"column":40},"end":{"line":34,"column":63}},"15":{"start":{"line":36,"column":2},"end":{"line":42,"column":3}},"16":{"start":{"line":37,"column":4},"end":{"line":41,"column":6}},"17":{"start":{"line":44,"column":2},"end":{"line":111,"column":4}},"18":{"start":{"line":55,"column":29},"end":{"line":55,"column":58}},"19":{"start":{"line":60,"column":41},"end":{"line":63,"column":15}},"20":{"start":{"line":62,"column":18},"end":{"line":62,"column":73}},"21":{"start":{"line":64,"column":14},"end":{"line":64,"column":57}},"22":{"start":{"line":76,"column":29},"end":{"line":76,"column":56}},"23":{"start":{"line":83,"column":35},"end":{"line":85,"column":15}},"24":{"start":{"line":84,"column":25},"end":{"line":84,"column":50}},"25":{"start":{"line":86,"column":14},"end":{"line":86,"column":51}},"26":{"start":{"line":95,"column":10},"end":{"line":107,"column":12}}},"fnMap":{"0":{"name":"(anonymous_0)","decl":{"start":{"line":8,"column":13},"end":{"line":8,"column":14}},"loc":{"start":{"line":8,"column":19},"end":{"line":112,"column":1}},"line":8},"1":{"name":"(anonymous_1)","decl":{"start":{"line":15,"column":12},"end":{"line":15,"column":13}},"loc":{"start":{"line":15,"column":18},"end":{"line":17,"column":3}},"line":15},"2":{"name":"(anonymous_2)","decl":{"start":{"line":19,"column":20},"end":{"line":19,"column":21}},"loc":{"start":{"line":19,"column":32},"end":{"line":30,"column":3}},"line":19},"3":{"name":"(anonymous_3)","decl":{"start":{"line":55,"column":22},"end":{"line":55,"column":23}},"loc":{"start":{"line":55,"column":29},"end":{"line":55,"column":58}},"line":55},"4":{"name":"(anonymous_4)","decl":{"start":{"line":59,"column":21},"end":{"line":59,"column":22}},"loc":{"start":{"line":59,"column":27},"end":{"line":65,"column":13}},"line":59},"5":{"name":"(anonymous_5)","decl":{"start":{"line":61,"column":16},"end":{"line":61,"column":17}},"loc":{"start":{"line":62,"column":18},"end":{"line":62,"column":73}},"line":62},"6":{"name":"(anonymous_6)","decl":{"start":{"line":76,"column":22},"end":{"line":76,"column":23}},"loc":{"start":{"line":76,"column":29},"end":{"line":76,"column":56}},"line":76},"7":{"name":"(anonymous_7)","decl":{"start":{"line":82,"column":21},"end":{"line":82,"column":22}},"loc":{"start":{"line":82,"column":27},"end":{"line":87,"column":13}},"line":82},"8":{"name":"(anonymous_8)","decl":{"start":{"line":84,"column":16},"end":{"line":84,"column":17}},"loc":{"start":{"line":84,"column":25},"end":{"line":84,"column":50}},"line":84},"9":{"name":"(anonymous_9)","decl":{"start":{"line":94,"column":33},"end":{"line":94,"column":34}},"loc":{"start":{"line":94,"column":50},"end":{"line":108,"column":9}},"line":94}},"branchMap":{"0":{"loc":{"start":{"line":36,"column":2},"end":{"line":42,"column":3}},"type":"if","locations":[{"start":{"line":36,"column":2},"end":{"line":42,"column":3}},{"start":{},"end":{}}],"line":36},"1":{"loc":{"start":{"line":44,"column":9},"end":{"line":111,"column":3}},"type":"cond-expr","locations":[{"start":{"line":45,"column":4},"end":{"line":45,"column":15}},{"start":{"line":47,"column":4},"end":{"line":110,"column":10}}],"line":44},"2":{"loc":{"start":{"line":101,"column":15},"end":{"line":105,"column":15}},"type":"cond-expr","locations":[{"start":{"line":102,"column":16},"end":{"line":102,"column":67}},{"start":{"line":104,"column":16},"end":{"line":104,"column":59}}],"line":101}},"s":{"0":1,"1":3,"2":3,"3":3,"4":3,"5":3,"6":1,"7":3,"8":1,"9":1,"10":1,"11":1,"12":1,"13":3,"14":3,"15":3,"16":0,"17":3,"18":0,"19":0,"20":0,"21":0,"22":0,"23":1,"24":20,"25":1,"26":29},"f":{"0":3,"1":1,"2":1,"3":0,"4":0,"5":0,"6":0,"7":1,"8":20,"9":29},"b":{"0":[0,3],"1":[1,2],"2":[18,11]},"_coverageSchema":"1a1c01bbd47fc00a2c39e90264f33305004495a9","hash":"757db97f7046e5441db301c46e1630445a0b4772"}
,"D:\\Namaste React\\src\\components\\Cart.js": {"path":"D:\\Namaste React\\src\\components\\Cart.js","statementMap":{"0":{"start":{"line":5,"column":13},"end":{"line":29,"column":1}},"1":{"start":{"line":6,"column":19},"end":{"line":6,"column":32}},"2":{"start":{"line":8,"column":26},"end":{"line":10,"column":3}},"3":{"start":{"line":9,"column":4},"end":{"line":9,"column":26}},"4":{"start":{"line":11,"column":20},"end":{"line":11,"column":60}},"5":{"start":{"line":11,"column":43},"end":{"line":11,"column":59}},"6":{"start":{"line":12,"column":2},"end":{"line":28,"column":4}}},"fnMap":{"0":{"name":"(anonymous_0)","decl":{"start":{"line":5,"column":13},"end":{"line":5,"column":14}},"loc":{"start":{"line":5,"column":19},"end":{"line":29,"column":1}},"line":5},"1":{"name":"(anonymous_1)","decl":{"start":{"line":8,"column":26},"end":{"line":8,"column":27}},"loc":{"start":{"line":8,"column":32},"end":{"line":10,"column":3}},"line":8},"2":{"name":"(anonymous_2)","decl":{"start":{"line":11,"column":32},"end":{"line":11,"column":33}},"loc":{"start":{"line":11,"column":43},"end":{"line":11,"column":59}},"line":11}},"branchMap":{"0":{"loc":{"start":{"line":22,"column":9},"end":{"line":24,"column":9}},"type":"binary-expr","locations":[{"start":{"line":22,"column":9},"end":{"line":22,"column":31}},{"start":{"line":23,"column":10},"end":{"line":23,"column":70}}],"line":22}},"s":{"0":1,"1":2,"2":2,"3":0,"4":2,"5":4,"6":2},"f":{"0":2,"1":0,"2":4},"b":{"0":[2,1]},"_coverageSchema":"1a1c01bbd47fc00a2c39e90264f33305004495a9","hash":"60a734306462f1fe98a98e4e30c5f5409ad5fcad"}
,"D:\\Namaste React\\src\\components\\Header.js": {"path":"D:\\Namaste React\\src\\components\\Header.js","statementMap":{"0":{"start":{"line":8,"column":15},"end":{"line":55,"column":1}},"1":{"start":{"line":9,"column":32},"end":{"line":9,"column":49}},"2":{"start":{"line":10,"column":23},"end":{"line":10,"column":40}},"3":{"start":{"line":12,"column":27},"end":{"line":12,"column":50}},"4":{"start":{"line":13,"column":20},"end":{"line":13,"column":60}},"5":{"start":{"line":13,"column":43},"end":{"line":13,"column":59}},"6":{"start":{"line":15,"column":2},"end":{"line":54,"column":4}},"7":{"start":{"line":42,"column":16},"end":{"line":44,"column":40}}},"fnMap":{"0":{"name":"(anonymous_0)","decl":{"start":{"line":8,"column":15},"end":{"line":8,"column":16}},"loc":{"start":{"line":8,"column":21},"end":{"line":55,"column":1}},"line":8},"1":{"name":"(anonymous_1)","decl":{"start":{"line":13,"column":32},"end":{"line":13,"column":33}},"loc":{"start":{"line":13,"column":43},"end":{"line":13,"column":59}},"line":13},"2":{"name":"(anonymous_2)","decl":{"start":{"line":41,"column":23},"end":{"line":41,"column":24}},"loc":{"start":{"line":41,"column":29},"end":{"line":45,"column":15}},"line":41}},"branchMap":{"0":{"loc":{"start":{"line":22,"column":47},"end":{"line":22,"column":73}},"type":"cond-expr","locations":[{"start":{"line":22,"column":62},"end":{"line":22,"column":66}},{"start":{"line":22,"column":69},"end":{"line":22,"column":73}}],"line":22},"1":{"loc":{"start":{"line":42,"column":16},"end":{"line":44,"column":39}},"type":"cond-expr","locations":[{"start":{"line":43,"column":20},"end":{"line":43,"column":40}},{"start":{"line":44,"column":20},"end":{"line":44,"column":39}}],"line":42}},"s":{"0":2,"1":6,"2":6,"3":6,"4":6,"5":11,"6":6,"7":1},"f":{"0":6,"1":11,"2":1},"b":{"0":[6,0],"1":[1,0]},"_coverageSchema":"1a1c01bbd47fc00a2c39e90264f33305004495a9","hash":"e3c9fc44ee2cb08975194cc44575e146135fd859"}
,"D:\\Namaste React\\src\\components\\ItemList.js": {"path":"D:\\Namaste React\\src\\components\\ItemList.js","statementMap":{"0":{"start":{"line":5,"column":17},"end":{"line":57,"column":1}},"1":{"start":{"line":6,"column":19},"end":{"line":6,"column":32}},"2":{"start":{"line":8,"column":30},"end":{"line":10,"column":3}},"3":{"start":{"line":9,"column":4},"end":{"line":9,"column":28}},"4":{"start":{"line":11,"column":2},"end":{"line":56,"column":4}},"5":{"start":{"line":14,"column":8},"end":{"line":53,"column":14}},"6":{"start":{"line":47,"column":16},"end":{"line":47,"column":42}}},"fnMap":{"0":{"name":"(anonymous_0)","decl":{"start":{"line":5,"column":17},"end":{"line":5,"column":18}},"loc":{"start":{"line":5,"column":32},"end":{"line":57,"column":1}},"line":5},"1":{"name":"(anonymous_1)","decl":{"start":{"line":8,"column":30},"end":{"line":8,"column":31}},"loc":{"start":{"line":8,"column":40},"end":{"line":10,"column":3}},"line":8},"2":{"name":"(anonymous_2)","decl":{"start":{"line":13,"column":17},"end":{"line":13,"column":18}},"loc":{"start":{"line":14,"column":8},"end":{"line":53,"column":14}},"line":14},"3":{"name":"(anonymous_3)","decl":{"start":{"line":46,"column":23},"end":{"line":46,"column":24}},"loc":{"start":{"line":46,"column":29},"end":{"line":48,"column":15}},"line":46}},"branchMap":{"0":{"loc":{"start":{"line":25,"column":15},"end":{"line":27,"column":42}},"type":"binary-expr","locations":[{"start":{"line":25,"column":15},"end":{"line":25,"column":48}},{"start":{"line":26,"column":16},"end":{"line":26,"column":47}},{"start":{"line":27,"column":16},"end":{"line":27,"column":42}}],"line":25},"1":{"loc":{"start":{"line":29,"column":13},"end":{"line":33,"column":13}},"type":"binary-expr","locations":[{"start":{"line":29,"column":13},"end":{"line":29,"column":26}},{"start":{"line":30,"column":14},"end":{"line":32,"column":18}}],"line":29}},"s":{"0":1,"1":4,"2":4,"3":1,"4":4,"5":24,"6":1},"f":{"0":4,"1":1,"2":24,"3":1},"b":{"0":[24,4,0],"1":[24,1]},"_coverageSchema":"1a1c01bbd47fc00a2c39e90264f33305004495a9","hash":"a3b267493276a5f6e331e853f5ab8414a1aef6c9"}
,"D:\\Namaste React\\src\\components\\RestaurantCard.js": {"path":"D:\\Namaste React\\src\\components\\RestaurantCard.js","statementMap":{"0":{"start":{"line":3,"column":23},"end":{"line":21,"column":1}},"1":{"start":{"line":4,"column":25},"end":{"line":4,"column":30}},"2":{"start":{"line":5,"column":2},"end":{"line":5,"column":26}},"3":{"start":{"line":6,"column":45},"end":{"line":6,"column":61}},"4":{"start":{"line":8,"column":2},"end":{"line":20,"column":4}},"5":{"start":{"line":23,"column":33},"end":{"line":34,"column":1}},"6":{"start":{"line":24,"column":2},"end":{"line":33,"column":4}},"7":{"start":{"line":25,"column":4},"end":{"line":32,"column":6}}},"fnMap":{"0":{"name":"(anonymous_0)","decl":{"start":{"line":3,"column":23},"end":{"line":3,"column":24}},"loc":{"start":{"line":3,"column":34},"end":{"line":21,"column":1}},"line":3},"1":{"name":"(anonymous_1)","decl":{"start":{"line":23,"column":33},"end":{"line":23,"column":34}},"loc":{"start":{"line":23,"column":39},"end":{"line":34,"column":1}},"line":23},"2":{"name":"(anonymous_2)","decl":{"start":{"line":24,"column":9},"end":{"line":24,"column":10}},"loc":{"start":{"line":24,"column":20},"end":{"line":33,"column":3}},"line":24}},"branchMap":{},"s":{"0":2,"1":30,"2":30,"3":30,"4":30,"5":2,"6":3,"7":18},"f":{"0":30,"1":3,"2":18},"b":{},"_coverageSchema":"1a1c01bbd47fc00a2c39e90264f33305004495a9","hash":"84d8a7000250779a0ccd7c62873e2a644cbc7b20"}
,"D:\\Namaste React\\src\\components\\RestaurantMenu.js": {"path":"D:\\Namaste React\\src\\components\\RestaurantMenu.js","statementMap":{"0":{"start":{"line":7,"column":23},"end":{"line":45,"column":1}},"1":{"start":{"line":8,"column":20},"end":{"line":8,"column":31}},"2":{"start":{"line":9,"column":36},"end":{"line":9,"column":47}},"3":{"start":{"line":11,"column":18},"end":{"line":11,"column":42}},"4":{"start":{"line":13,"column":2},"end":{"line":13,"column":43}},"5":{"start":{"line":13,"column":24},"end":{"line":13,"column":43}},"6":{"start":{"line":15,"column":15},"end":{"line":15,"column":52}},"7":{"start":{"line":16,"column":46},"end":{"line":16,"column":78}},"8":{"start":{"line":18,"column":4},"end":{"line":22,"column":5}},"9":{"start":{"line":20,"column":8},"end":{"line":21,"column":70}},"10":{"start":{"line":24,"column":2},"end":{"line":44,"column":4}},"11":{"start":{"line":32,"column":8},"end":{"line":41,"column":10}},"12":{"start":{"line":38,"column":14},"end":{"line":38,"column":76}}},"fnMap":{"0":{"name":"(anonymous_0)","decl":{"start":{"line":7,"column":23},"end":{"line":7,"column":24}},"loc":{"start":{"line":7,"column":29},"end":{"line":45,"column":1}},"line":7},"1":{"name":"(anonymous_1)","decl":{"start":{"line":19,"column":6},"end":{"line":19,"column":7}},"loc":{"start":{"line":20,"column":8},"end":{"line":21,"column":70}},"line":20},"2":{"name":"(anonymous_2)","decl":{"start":{"line":31,"column":22},"end":{"line":31,"column":23}},"loc":{"start":{"line":31,"column":43},"end":{"line":42,"column":7}},"line":31},"3":{"name":"(anonymous_3)","decl":{"start":{"line":37,"column":26},"end":{"line":37,"column":27}},"loc":{"start":{"line":38,"column":14},"end":{"line":38,"column":76}},"line":38}},"branchMap":{"0":{"loc":{"start":{"line":13,"column":2},"end":{"line":13,"column":43}},"type":"if","locations":[{"start":{"line":13,"column":2},"end":{"line":13,"column":43}},{"start":{},"end":{}}],"line":13},"1":{"loc":{"start":{"line":38,"column":14},"end":{"line":38,"column":76}},"type":"cond-expr","locations":[{"start":{"line":38,"column":36},"end":{"line":38,"column":54}},{"start":{"line":38,"column":57},"end":{"line":38,"column":76}}],"line":38}},"s":{"0":1,"1":3,"2":3,"3":3,"4":3,"5":1,"6":2,"7":2,"8":2,"9":42,"10":2,"11":32,"12":1},"f":{"0":3,"1":42,"2":32,"3":1},"b":{"0":[1,2],"1":[0,1]},"_coverageSchema":"1a1c01bbd47fc00a2c39e90264f33305004495a9","hash":"45a774b1da551de9d4c72251ed56de17d14ea41b"}
,"D:\\Namaste React\\src\\utils\\appStore.js": {"path":"D:\\Namaste React\\src\\utils\\appStore.js","statementMap":{"0":{"start":{"line":4,"column":17},"end":{"line":8,"column":2}}},"fnMap":{},"branchMap":{},"s":{"0":2},"f":{},"b":{},"_coverageSchema":"1a1c01bbd47fc00a2c39e90264f33305004495a9","hash":"c339d42753525c62bab958519d647bcccaed465b"}
}
