TN:
SF:src\components\Body.js
FN:8,(anonymous_0)
FN:15,(anonymous_1)
FN:19,(anonymous_2)
FN:55,(anonymous_3)
FN:59,(anonymous_4)
FN:61,(anonymous_5)
FN:76,(anonymous_6)
FN:82,(anonymous_7)
FN:84,(anonymous_8)
FN:94,(anonymous_9)
FNF:10
FNH:6
FNDA:3,(anonymous_0)
FNDA:1,(anonymous_1)
FNDA:1,(anonymous_2)
FNDA:0,(anonymous_3)
FNDA:0,(anonymous_4)
FNDA:0,(anonymous_5)
FNDA:0,(anonymous_6)
FNDA:1,(anonymous_7)
FNDA:20,(anonymous_8)
FNDA:29,(anonymous_9)
DA:8,1
DA:9,3
DA:10,3
DA:11,3
DA:13,3
DA:15,3
DA:16,1
DA:19,3
DA:20,1
DA:23,1
DA:26,1
DA:28,1
DA:29,1
DA:32,3
DA:34,3
DA:36,3
DA:37,0
DA:44,3
DA:55,0
DA:60,0
DA:62,0
DA:64,0
DA:76,0
DA:83,1
DA:84,20
DA:86,1
DA:95,29
LF:27
LH:21
BRDA:36,0,0,0
BRDA:36,0,1,3
BRDA:44,1,0,1
BRDA:44,1,1,2
BRDA:101,2,0,18
BRDA:101,2,1,11
BRF:6
BRH:5
end_of_record
TN:
SF:src\components\Cart.js
FN:5,(anonymous_0)
FN:8,(anonymous_1)
FN:11,(anonymous_2)
FNF:3
FNH:2
FNDA:2,(anonymous_0)
FNDA:0,(anonymous_1)
FNDA:4,(anonymous_2)
DA:5,1
DA:6,2
DA:8,2
DA:9,0
DA:11,4
DA:12,2
LF:6
LH:5
BRDA:22,0,0,2
BRDA:22,0,1,1
BRF:2
BRH:2
end_of_record
TN:
SF:src\components\Header.js
FN:8,(anonymous_0)
FN:13,(anonymous_1)
FN:41,(anonymous_2)
FNF:3
FNH:3
FNDA:6,(anonymous_0)
FNDA:11,(anonymous_1)
FNDA:1,(anonymous_2)
DA:8,2
DA:9,6
DA:10,6
DA:12,6
DA:13,11
DA:15,6
DA:42,1
LF:7
LH:7
BRDA:22,0,0,6
BRDA:22,0,1,0
BRDA:42,1,0,1
BRDA:42,1,1,0
BRF:4
BRH:2
end_of_record
TN:
SF:src\components\ItemList.js
FN:5,(anonymous_0)
FN:8,(anonymous_1)
FN:13,(anonymous_2)
FN:46,(anonymous_3)
FNF:4
FNH:4
FNDA:4,(anonymous_0)
FNDA:1,(anonymous_1)
FNDA:24,(anonymous_2)
FNDA:1,(anonymous_3)
DA:5,1
DA:6,4
DA:8,4
DA:9,1
DA:11,4
DA:14,24
DA:47,1
LF:7
LH:7
BRDA:25,0,0,24
BRDA:25,0,1,4
BRDA:25,0,2,0
BRDA:29,1,0,24
BRDA:29,1,1,1
BRF:5
BRH:4
end_of_record
TN:
SF:src\components\RestaurantCard.js
FN:3,(anonymous_0)
FN:23,(anonymous_1)
FN:24,(anonymous_2)
FNF:3
FNH:3
FNDA:30,(anonymous_0)
FNDA:3,(anonymous_1)
FNDA:18,(anonymous_2)
DA:3,2
DA:4,30
DA:5,30
DA:6,30
DA:8,30
DA:23,2
DA:24,3
DA:25,18
LF:8
LH:8
BRF:0
BRH:0
end_of_record
TN:
SF:src\components\RestaurantMenu.js
FN:7,(anonymous_0)
FN:19,(anonymous_1)
FN:31,(anonymous_2)
FN:37,(anonymous_3)
FNF:4
FNH:4
FNDA:3,(anonymous_0)
FNDA:42,(anonymous_1)
FNDA:32,(anonymous_2)
FNDA:1,(anonymous_3)
DA:7,1
DA:8,3
DA:9,3
DA:11,3
DA:13,3
DA:15,2
DA:16,2
DA:18,2
DA:20,42
DA:24,2
DA:32,32
DA:38,1
LF:12
LH:12
BRDA:13,0,0,1
BRDA:13,0,1,2
BRDA:38,1,0,0
BRDA:38,1,1,1
BRF:4
BRH:3
end_of_record
TN:
SF:src\utils\appStore.js
FNF:0
FNH:0
DA:4,2
LF:1
LH:1
BRF:0
BRH:0
end_of_record
